added QmdDk6yzLGoPeaizYQnhA4NzkDkEMBuWvJ2ibAZL87Aafj site/404.html
added QmQ7awEPK81b3XWxMPgwJDkDL4kjbQ8crgHPfqSaXmuYMu site/assets/images/favicon.png
added QmZRGCtvAS3cVBfSmTJHic8Zojr4ZgnkTaj1kQrNoGMurq site/assets/images/social/blog/IPFS Second Post.png
added QmePUU8JGcRVC3dVZXgcnQSUZsgFBZHByR4y6jC1iHy8Mw site/assets/images/social/blog/README.png
added QmVa5VNcgCy2nMRyo4ddD3myGu1uy7kBsz5UZnPPJHnFcB site/assets/images/social/blog/ipfs-first-post.png
added QmPvPNLZF4zDkYF7G26mKaktBbt7nkpM1kMtJ6RJUpPgxH site/assets/images/social/how-to/Ansible.png
added QmZ9DxC7az6cXsBasxwN4EVhGYQZXJTSL4wpqodySqzFUL site/assets/images/social/how-to/Create and Sync Repos.png
added QmcxNVNRWDdqwQ9LsWQCd2Du3jqhzQxJ4M2LmicPnG72Df site/assets/images/social/how-to/Docker.png
added QmcXp8errGqq5bhFRZN8sMX6ekojhg4wvXoaQoTZSQrUDM site/assets/images/social/how-to/FFMPEG.png
added QmSudRgZe5AxPVxLvNKoD1Bb7dpZ4Lr7edgnu6j48wQ9Am site/assets/images/social/how-to/GIT.png
added Qmbkm2QwrSAAAVvYgYHT898CC1qnEPgCYkXWXeatWL4snj site/assets/images/social/how-to/JSON.png
added QmSVn6i8Bcbo8PDy8FsLpajFjFsaUbzqmX6tFSTT6Ts9hy site/assets/images/social/how-to/Linux Version Checking.png
added QmfSZDv8RgrfH3WkPxEXoThoWKEDydjj3m8kBnzv12CNpH site/assets/images/social/how-to/MD RAID.png
added QmYCx4xjzVeaZBSTnaAj17nc3oMhECbVHvJx5KgJK8iWeC site/assets/images/social/how-to/MySQL.png
added QmNXDNcrwP2TuKaoqpRcjRq4FY3oQWMtvF5ZvgP8sxPWq6 site/assets/images/social/how-to/Python Cert Errors.png
added QmR4y3DhaTqwEWVkqsNMW88zAGWanvxc6rXTCcm12TredH site/assets/images/social/how-to/SSH Key Signing.png
added QmdhgQtbfsgthZ6tgLVTmSsAhKDrV4GcEFwRDFV7oky4Ls site/assets/images/social/how-to/SSH.png
added QmWmgegcdMtTbv17Dc6MVeWGjdY3qxq9gwAbjhgKTUFGjz site/assets/images/social/how-to/SVN.png
added QmY1ohJTfAGyEZ7GqD12ESmH2N7YW3JnMHxpdnKsohP4EZ site/assets/images/social/how-to/TAR.png
added QmWbunPCNsLcouFM6LWNfFYNHWURKQrQsGSqrbmgeZirnx site/assets/images/social/how-to/VIM.png
added QmcbP4H65kFjC6X5rZ99wkfbhgnuVcPcXscqLGmYqhVUfh site/assets/images/social/how-to/Windows.png
added QmQ95ZgCdzysyZpRxqhMaZWdFS74ACr7Ty5DUpCFSbhSDM site/assets/images/social/how-to/Write a Playbook.png
added QmSyV1N7poi5i1jXzxcBBxAJpQLVQoFB1G6cUsXnBwv9pM site/assets/images/social/index.png
added QmcFVqEovgr95v6gcbG2Ur7nm7dWYVAvq7LfqBpe6qSaUE site/assets/images/social/recipes/Marry Me Chicken.png
added QmdCCXX98frEbWW9YdbNFCXGhoZkD7MbHoJQBwKUvHVY4E site/assets/javascripts/bundle.efa0ade1.min.js
added QmQ9DUouL9YFNX3JLYGKqv3yppXtCDLS523cEVftjgsyyc site/assets/javascripts/bundle.efa0ade1.min.js.map
added QmaL2ApeQeKJ2Z6qkuEYtNqT6Tgcinz8Bh1NB6XSkdN1Qv site/assets/javascripts/glightbox.min.js
added QmVnVd9D5Enqep29JXRBKwemfV8UuMnWesS6rpRbDT39vk site/assets/javascripts/lunr/min/lunr.ar.min.js
added Qmabmw12xPSDvCcaHLE1Tz844qYKFxQF21f1MKhdwxSJZ9 site/assets/javascripts/lunr/min/lunr.da.min.js
added QmVo1XcM1eNhX1qGDPkWQAhyQCxbdi2n1fHM5Z8e5edqT4 site/assets/javascripts/lunr/min/lunr.de.min.js
added QmPdhTpDDswffeKZVSbynNnVhz7i6npQ8BPqJ9EkiquCL1 site/assets/javascripts/lunr/min/lunr.du.min.js
added QmWuW8t4WJNRinTpDv5aFCSYzmWdvwSgGxVjNRVHVzZayU site/assets/javascripts/lunr/min/lunr.es.min.js
added QmXAKmGhhhxqFFrFi75s4uz2MFk8D96khNwCr32fREujKN site/assets/javascripts/lunr/min/lunr.fi.min.js
added QmUp7kNqzZ46pgzsVVzcqEKK5ZKNvoWH9cbuturSz4tbJw site/assets/javascripts/lunr/min/lunr.fr.min.js
added QmcDMViNPLSWDziRGFf3feqgHP3hfCgavMys9urRH7JXH7 site/assets/javascripts/lunr/min/lunr.hi.min.js
added Qmc98kD9Pn6Wk1fdV5YJ3za3f5B3va7wAPVxUgu46xiMuq site/assets/javascripts/lunr/min/lunr.hu.min.js
added QmcgkFXECeJhCiepLNDh4ytdxn3nEYMsYrYQmGM7EVZZ5n site/assets/javascripts/lunr/min/lunr.it.min.js
added QmSKy3ZhMtfaykW7Cnh2yT9StLFX8n2UPF7irfvwxDpHwG site/assets/javascripts/lunr/min/lunr.ja.min.js
added QmYetBcLAsU1faUyynEcZeHqqadgg8dm6TwrBRemdYKoBX site/assets/javascripts/lunr/min/lunr.jp.min.js
added QmXtM2KjnVsyRBCLVyjrg3ERKyofYuiBAV5FVkWijTVXrZ site/assets/javascripts/lunr/min/lunr.ko.min.js
added QmbGEBTnuk1vwfPp98EtSw82YMYKYPkXECdYC76eP77BcE site/assets/javascripts/lunr/min/lunr.multi.min.js
added QmZmB7P6aJJi57t3HF64BtPan8N2X9anKPeyoxRB49WMU3 site/assets/javascripts/lunr/min/lunr.nl.min.js
added QmQLGJ9x1LFSG9Ka7sJEgoGx2CbLStAQKEKMFCzqrXcYxY site/assets/javascripts/lunr/min/lunr.no.min.js
added QmZNWdTAAK6RTnq1CFc9UUtHCUWro97e64dwkZCV2Z1m5B site/assets/javascripts/lunr/min/lunr.pt.min.js
added QmQKWWFCAESQGLuBEWZLa8AGw9VkCAWWNn3c52beKJBT34 site/assets/javascripts/lunr/min/lunr.ro.min.js
added QmYspfUVVG2u3hqJp3d9BiFqRTYa5Vpm32Trw6gVD4euG1 site/assets/javascripts/lunr/min/lunr.ru.min.js
added QmXwdpwpq9ADcxnVBfeYCVSb2xzGy8J7BzHGeZqR73F68k site/assets/javascripts/lunr/min/lunr.stemmer.support.min.js
added Qmc34pxtiuMFRs3oUZhcBWrUQjgFbEQsMKA3zyZqVkxmXZ site/assets/javascripts/lunr/min/lunr.sv.min.js
added QmdMnQGnsm1VThZFNSgCSdX2WHHdHJ4T3KVB7UKyhqMvpD site/assets/javascripts/lunr/min/lunr.ta.min.js
added QmQhF537emSNFeoWT1Jh5Xdg83cJom2aRrhNVRiR5G1aV4 site/assets/javascripts/lunr/min/lunr.th.min.js
added QmdaWTVzaVg2Tm6ci4GHtZjhjGJnUiqMDazwT7uTMQb72p site/assets/javascripts/lunr/min/lunr.tr.min.js
added QmcHa647xmKKPBrNstpSPkzzShJZ362VzqMTUuA2JfDHsP site/assets/javascripts/lunr/min/lunr.vi.min.js
added QmTc3FmkeUr9WKTHqruw6rNF8txbHFidb7tyAiwzK67V7V site/assets/javascripts/lunr/min/lunr.zh.min.js
added QmWyhJFzZPN1Yixk4AXTvJtkzVeUuHkGUE83xrEsbmg54e site/assets/javascripts/lunr/tinyseg.js
added QmZwn8xF5wYxxvPrZyWLdkUpcAmTvgwCL4AVUd8VrojoJf site/assets/javascripts/lunr/wordcut.js
added QmZjeKDxgsBa2Q6tiwcF7xsPSDpshduqx9WwPNEX129752 site/assets/javascripts/workers/search.208ed371.min.js
added QmaWdaG4TBNULhjLVpJu2T5pFAEyVKeKrHiCJnxPFNffn5 site/assets/javascripts/workers/search.208ed371.min.js.map
added QmQUFq2sdxUueCNJPajgeTHFtDFKKcFavumV2zKiSSuyqk site/assets/stylesheets/glightbox.min.css
added QmNTvaZpU7QCCPAwNpq6CSrvqYpi9qAbfJHYT1viwqsy8C site/assets/stylesheets/main.c4a75a56.min.css
added QmWKCXGpGGiaajPsL3MrRWbnLocpWeA5yzU486c8ogpv4M site/assets/stylesheets/main.c4a75a56.min.css.map
added QmUnJyje7qNdW6fRqLWyimDHqkFB1sDszsn5tchMkMm9UN site/assets/stylesheets/palette.a0c5b2b5.min.css
added QmXQVJgwwoVevhLV88C1m2dRcGBUN4eZfD3SFeec1JGgyV site/assets/stylesheets/palette.a0c5b2b5.min.css.map
added QmaKtjzwrxP6ra65smpf548qRDgHXpnTbaYpVy7ocjGn1Y site/blog/IPFS Second Post/index.html
added QmXopuP22YTjjsSw7pTpufjCwzPNFSE5otdxBoFhq7Fq8Q site/blog/index.html
added QmcgiHCJtynBqjX2c4HCvYLks9bTPYczpQe17Smeg3uUNz site/blog/ipfs-first-post/index.html
added QmPpkvM1SXkcTiTQVE4gMbRj1mgz633EdYuuWUZ29yiT7g site/how-to/Ansible/index.html
added QmUsDAVBwhGMpFbLSwhQjy6mkLunUqSrkdEEC7UHsq5iby site/how-to/Create and Sync Repos/index.html
added QmQvQARY81jwxtnRaZZbhUX5ZfxRPQHBfEYKP9YgoeRbHP site/how-to/Docker/index.html
added QmTSxGfcWTkPWG9eigCvZhNXkKzAiRweHs81kgFikJrV6v site/how-to/FFMPEG/index.html
added QmeFo6xjDKeufJHypLQSkXXDB4FUnTbrDbRMqn8CM2XeC5 site/how-to/GIT/index.html
added QmZiiwvxdC4snpL7E5FGYxD6RMTMy9Ptja4UgpwSNADzmh site/how-to/JSON/index.html
added QmcHprJhGSs1WD1YmdSwQumPSunwxawBtim8grF1q6fwv9 site/how-to/Linux Version Checking/index.html
added Qmc2skY5ucz6aWB4fsbDKZ8i1Vmyf7wGQY1zUXLsDBtVN7 site/how-to/MD RAID/index.html
added Qmf7M5kBfi8TAPieYuUiZaEQjKGv1sXWLsUAwf1gWaTbgu site/how-to/MySQL/index.html
added QmZJuRyMHuMHoB1KGiafuftiepA6gf1GpaVhp9mnYQvnNM site/how-to/Python Cert Errors/index.html
added QmTBY1SjT4NqcQ131kcVnu6WU7kqz7VVgMUcXN9xHUH5Mx site/how-to/SSH/index.html
added QmVWEsQ2vdA2oQgqUuAo1xTnjQ6opuFX8Mrbsq5THZn61L site/how-to/SSH Key Signing/index.html
added QmUDQ7CcusWS6HVCcPDAdG46DCdvYGkMsMXjxxoGdZhThL site/how-to/SVN/index.html
added QmPAMWxGFa6uFEFe2ygb6jEnAKTdPRSxyAW1u5m6cvg1Vd site/how-to/TAR/index.html
added QmdJKQLd9dvHAZBA1q2gjuCRuGp7oBB3S2HG11yxBv6oBC site/how-to/VIM/index.html
added QmPXUTnvndMrsHdBYV9WTqY565rwPJMDsJKhU4JdmgT1X4 site/how-to/Windows/index.html
added QmS1MDv9m8sEuXpBs4n7ZsyJPXpwLTFLjr3LHvwfcgyHNM site/how-to/Write a Playbook/index.html
added QmRkK2PP7rDAQnw7UeGLyDTJ5SsHKnSd435n92BVV77RrV site/index.html
added QmbELDRK97tQTCzrF6xGBXfgASbGKx7JxuR1sUcvzv9w5R site/recipes/Marry Me Chicken/index.html
added QmV7oCuAyAFPNkJ7dC7CxsG3VNshwZC6McSNitZwBs9gKC site/s/facebook/index.html
added QmekPJcLncHPcKG67Ase3jJjvFKUaLTTiRfDMGJDWvb8hs site/s/github/index.html
added QmWoFVC76MYS592T3G1LLR8TmV2v8RMP3D7K3Uw8FjrM2h site/s/gitlab/index.html
added QmWcJCvHeXcd3qPKzefg6HUDZakbLLkLym34aEnEVRNMen site/s/linkedin/index.html
added QmP8k8cPoamomoa63cy8qKzYDb9aaYhr1HUyqAd5LwTb8k site/search/search_index.json
added QmNnPbQ976vLQipZyPi5UFA7bdPofLQyhVn7hYT247Y8AG site/sitemap.xml
added QmYgfrN6mwLwubWdUZJYMGtXzN7W6eNAfPghjjy2C2Tbg3 site/sitemap.xml.gz
added QmPB8CdDYgCBE3PKat2Vd2tfxLN6gaYA5P6cZTqjrM7okH site/assets/images/social/blog
added QmRJcUwiyxdSsmtNkzN8QN6KYDJWMuagZdj4kY93trBheX site/assets/images/social/how-to
added QmTUFca4LpZpwqQyE9nokGRdGuET2HFay83SqJazRPgSgX site/assets/images/social/recipes
added QmZW1CWbeAsMipnjC3P64EHUdcqRhQC7xGsYtr7ZL5atXQ site/assets/images/social
added QmYn7Qo5ksDE54P73uZjFWeurWPoKuqydAo4YzQdnPNrGL site/assets/images
added QmdnbLiqixr7eGibPpbzowYtuUST439RdNc5NZ5HnHN2Qj site/assets/javascripts/lunr/min
added QmddXrpBKYgaNCZosFnpGwKEK1zYDyevPsKKpmBgCuiyxk site/assets/javascripts/lunr
added QmYGi6tL6pBCoXuNbgRr2fsZZiRc2whaunhKrNvEsP7bkF site/assets/javascripts/workers
added QmYYdhtPEh5FCiY23wdAGUwKtmR6Y6Lyc3PXXTKC7T45er site/assets/javascripts
added QmZWYHEgmwcqAMAehFfHLQs4T3jmgLBCZU6yT1LLrNXC1q site/assets/stylesheets
added QmQcnezcEZDmmVMsiovZjzqS8D9T8T45evDRufVNZ6BnkZ site/assets
added QmfJJHZ94J7RzsyoB2enpXRYsNTPJCibgc5Pd249d5ipcT site/blog/IPFS Second Post
added QmUteWe9LRBRa7vHRw6xh6GqC6Sxa72NFWU9QCY32Nbf4N site/blog/ipfs-first-post
added QmPBgh7nXnKY1CjVML8ZhwuCrVkFpzE6Z3AP34NfmEuK9C site/blog
added QmRe6AzP2QfdUh2FWfKk4Ej8uECbbdSF6PPMFAz2HUJVep site/how-to/Ansible
added QmSwgguuw9Hnr6jau8UCY5hiFziMeUwW59hTC6nfEhPjqf site/how-to/Create and Sync Repos
added QmYuzWH6HYdH4x6vHK7tqAvEdmAXGNmpr3rmtvPnT6NESq site/how-to/Docker
added QmUSNZKuqLnWSMX7jzBd7SkFVvE4cBoc85LfNibK2zrc6A site/how-to/FFMPEG
added QmSD6VjoFJ6aGHJQKaPFEnybDWwBAv2tCLQUxR9SZHnEQz site/how-to/GIT
added QmerUrSwpecAndyvjFj9o2oLZhXeefqHZjsLF4wwbEC8fq site/how-to/JSON
added QmQbAUrPFkzmAKLyD5b3mvUgrYRNmsdQ24uqZGWM1gYwpF site/how-to/Linux Version Checking
added QmVbo5Uvyq6spnAR9pV5jGesQuU446s6seytQZJv5cxqpP site/how-to/MD RAID
added Qmc1aD6QHJhrDsi47MtTExPYdTzXkRbrAoUs1zfWUN8Bq2 site/how-to/MySQL
added Qmegi5NsbEcS8VGsytShyoyQDhZWok1yAY8Yk4LUfvoso5 site/how-to/Python Cert Errors
added QmaHZFLrY4zVVQaHnmzmPC4WRFZoZXnvYDLsWt4VhB8D4j site/how-to/SSH
added QmTnKnTFwQzqDWXk6cWLu7LqzoZxxsoHmZRdpu8hATc29D site/how-to/SSH Key Signing
added QmPojwLM68NLRsPGTSvg5WzexPhGPMG5MDY1BuJGezLmvV site/how-to/SVN
added QmNmoATiw53CfqXGwcLhtXEcy5qb8bSkMJQJTUP4ukBh6e site/how-to/TAR
added QmYMpARDRaUBaLixwKCDXhhTVpoxwL29C3FUzVCQk62yvq site/how-to/VIM
added QmNMa94Fh44QTfRFxMg8PNDTEUqfhKnvZwKNSHNaepqUsK site/how-to/Windows
added QmZ73HPppR46q9Tj2gT3XcjDwsWhWmK1YEFCxcCqGsQxy9 site/how-to/Write a Playbook
added QmTTxvpdMpQi46FUp5oXQy4kwjKrDb5HZB8aGMPLsyTZ2E site/how-to
added QmZ5F7s9TMtCftspjDAsyoJTqotVLE3PeuLFa2W4ZtN9uo site/recipes/Marry Me Chicken
added QmcKEgkeTwK3Y6D8LMKxjoy3Zs7h1bx6zJehjxRUsSFJco site/recipes
added QmUBRvQbwdi9M3PJSBk8unE8gvG2MBLbrGBFYvTQny3JTV site/s/facebook
added QmPCfu5sakGSK8axFk7Bc1MtuYhXo8AkGBY9E3JtKYCJL4 site/s/github
added QmPoJ1fm6rmjcSjSCnmmcrnf8DraL7EReAvqy4NadSJU3Z site/s/gitlab
added QmeU5rYRzdTVB8GKQ7LP1JqmfhuEuQxkzizPhaQYjWFc2D site/s/linkedin
added QmeCEpa15wVvfs9kR2c6Smwg2vmNN5WAakvBHYGZZPmQLo site/s
added QmfVJZ8uY2KfjfxsdVwxVEHkq3C89SVQ7QkB5GRhtCX8fh site/search
added QmejFe1WgNwmrPJw4uHeXcgo1QErn2ZW3UQu7kL9g7JGr8 site
Published to k51qzi5uqu5djjziu1k5ty1a4xo13pn4bs4at2hk0u6f9bdllv5k47bqvv0yz9: /ipfs/QmejFe1WgNwmrPJw4uHeXcgo1QErn2ZW3UQu7kL9g7JGr8
